Arguments: 
  C:\Program Files\nodejs\node.exe C:\Program Files (x86)\Yarn\bin\yarn.js add -D @types/node typescript

PATH: 
  C:\Users\abdallah mefire\bin;C:\Program Files (x86)\Git\mingw64\bin;C:\Program Files (x86)\Git\usr\local\bin;C:\Program Files (x86)\Git\usr\bin;C:\Program Files (x86)\Git\usr\bin;C:\Program Files (x86)\Git\mingw64\bin;C:\Program Files (x86)\Git\usr\bin;C:\Users\abdallah mefire\bin;C:\Program Files (x86)\Common Files\Oracle\Java\javapath;C:\Users\OTHERS\product\11.2.0\dbhome_3\bin;C:\Users\abdallahmefire\product\11.2.0\dbhome_1\bin;C:\Python38\Scripts;C:\Python38;C:\WINDOWS\system32;C:\WINDOWS;C:\WINDOWS\System32\Wbem;C:\WINDOWS\System32\WindowsPowerShell\v1.0;C:\Program Files (x86)\Git\cmd;C:\Program Files\MongoDB\Server\4.2\bin;C:\Program Files\Java\jdk-14\bin;C:\Users\abdallah mefire\AppData\Local\Android\Sdk\platform-tools;C:\Users\abdallah mefire\AppData\Local\Android\Sdk\tools;C:\Users\abdallah mefire\AppData\Local\Android\Sdk\tools\bin;C:\Users\abdallah mefire\AppData\Local\Android\Sdk\emulator;C:\Program Files (x86)\Yarn\bin;C:\Program Files (x86)\Yarn\bin;C:\Users\abdallah mefire\my-apps\app\node_modules\.bin;C:\WINDOWS\System32\OpenSSH;C:\HashiCorp\Vagrant\bin;C:\Program Files\nodejs;C:\ProgramData\chocolatey\bin;C:\Program Files\MySQL\MySQL Shell 8.0\bin;C:\Users\abdallah mefire\AppData\Local\Programs\Microsoft VS Code\bin;C:\Program Files\Java\jdk-14\bin;C:\Users\abdallah mefire\AppData\Local\Android\Sdk\platform-tools;C:\Users\abdallah mefire\AppData\Local\Android\Sdk\tools;C:\Users\abdallah mefire\AppData\Local\Android\Sdk\tools\bin;C:\Users\abdallah mefire\AppData\Local\Android\Sdk\emulator;C:\Users\abdallah mefire\.android\avd;C:\Users\abdallah mefire\AppData\Local\Yarn\bin;C:\Users\abdallah mefire\AppData\Local\Microsoft\WindowsApps;C:\Users\abdallah mefire\AppData\Roaming\npm;C:\Program Files\JetBrains\IntelliJ IDEA 2020.1\bin;C:\Program Files (x86)\Git\usr\bin\vendor_perl;C:\Program Files (x86)\Git\usr\bin\core_perl

Yarn version: 
  1.22.4

Node version: 
  14.4.0

Platform: 
  win32 x64

Trace: 
  Error: getaddrinfo EAI_AGAIN registry.yarnpkg.com
      at GetAddrInfoReqWrap.onlookup [as oncomplete] (dns.js:66:26)

npm manifest: 
  {
    "name": "trading-platform",
    "version": "1.0.0",
    "description": "",
    "main": "index.js",
    "scripts": {
      "test": "echo \"Error: no test specified\" && exit 1"
    },
    "repository": {
      "type": "git",
      "url": "git+https://github.com/amefire/trading-platform.git"
    },
    "keywords": [],
    "author": "",
    "license": "ISC",
    "bugs": {
      "url": "https://github.com/amefire/trading-platform/issues"
    },
    "homepage": "https://github.com/amefire/trading-platform#readme"
  }

yarn manifest: 
  No manifest

Lockfile: 
  No lockfile
